rn-LookIt/android/app/build/intermediates/manifest_merge_blame_file/debug/manifest-merger-blame-debug-report.txt
1<?xml version="1.0" encoding="utf-8"?>
2<manifest xmlns:android="http://schemas.android.com/apk/res/android"
3    package="com.anonymous.rnLookIt"
4    android:versionCode="1"
5    android:versionName="1.0.0" >
6
7    <uses-sdk
8        android:minSdkVersion="21"
9        android:targetSdkVersion="33" />
10
11    <uses-permission android:name="android.permission.SYSTEM_ALERT_WINDOW" />
11-->src\main\AndroidManifest.xml:6:3-75
11-->src\main\AndroidManifest.xml:6:20-73
12    <uses-permission android:name="android.permission.CAMERA" />
12-->src\main\AndroidManifest.xml:2:3-62
12-->src\main\AndroidManifest.xml:2:20-60
13    <uses-permission android:name="android.permission.INTERNET" />
13-->src\main\AndroidManifest.xml:3:3-64
13-->src\main\AndroidManifest.xml:3:20-62
14    <uses-permission android:name="android.permission.READ_EXTERNAL_STORAGE" />
14-->src\main\AndroidManifest.xml:4:3-77
14-->src\main\AndroidManifest.xml:4:20-75
15    <uses-permission android:name="android.permission.RECORD_AUDIO" />
15-->src\main\AndroidManifest.xml:5:3-68
15-->src\main\AndroidManifest.xml:5:20-66
16    <uses-permission android:name="android.permission.VIBRATE" />
16-->src\main\AndroidManifest.xml:7:3-63
16-->src\main\AndroidManifest.xml:7:20-61
17    <uses-permission android:name="android.permission.WRITE_EXTERNAL_STORAGE" />
17-->src\main\AndroidManifest.xml:8:3-78
17-->src\main\AndroidManifest.xml:8:20-76
18    <uses-permission android:name="android.permission.ACCESS_FINE_LOCATION" />
18-->src\main\AndroidManifest.xml:9:3-76
18-->src\main\AndroidManifest.xml:9:20-74
19    <uses-permission android:name="android.permission.READ_MEDIA_IMAGES" />
19-->src\main\AndroidManifest.xml:10:3-73
19-->src\main\AndroidManifest.xml:10:20-71
20
21    <queries>
21-->src\main\AndroidManifest.xml:11:3-17:13
22        <intent>
22-->src\main\AndroidManifest.xml:12:5-16:14
23            <action android:name="android.intent.action.VIEW" />
23-->src\main\AndroidManifest.xml:13:7-58
23-->src\main\AndroidManifest.xml:13:15-56
24
25            <category android:name="android.intent.category.BROWSABLE" />
25-->src\main\AndroidManifest.xml:14:7-67
25-->src\main\AndroidManifest.xml:14:17-65
26
27            <data android:scheme="https" />
27-->src\main\AndroidManifest.xml:15:7-37
27-->src\main\AndroidManifest.xml:15:13-35
28        </intent>
29
30        <package android:name="host.exp.exponent" /> <!-- Query open documents -->
30-->[:expo-dev-launcher] AndroidManifest.xml:8:9-53
30-->[:expo-dev-launcher] AndroidManifest.xml:8:18-50
31        <intent>
31-->[:expo-file-system] AndroidManifest.xml:15:9-17:18
32            <action android:name="android.intent.action.OPEN_DOCUMENT_TREE" />
32-->[:expo-file-system] AndroidManifest.xml:16:13-79
32-->[:expo-file-system] AndroidManifest.xml:16:21-76
33        </intent>
34        <intent>
34-->[:expo-image-picker] AndroidManifest.xml:16:9-20:18
35
36            <!-- Required for picking images from the camera roll if targeting API 30 -->
37            <action android:name="android.media.action.IMAGE_CAPTURE" />
37-->[:expo-image-picker] AndroidManifest.xml:19:13-73
37-->[:expo-image-picker] AndroidManifest.xml:19:21-70
38        </intent>
39        <intent>
39-->[:expo-image-picker] AndroidManifest.xml:21:9-25:18
40
41            <!-- Required for picking images from the camera if targeting API 30 -->
42            <action android:name="android.media.action.ACTION_VIDEO_CAPTURE" />
42-->[:expo-image-picker] AndroidManifest.xml:24:13-80
42-->[:expo-image-picker] AndroidManifest.xml:24:21-77
43        </intent>
44        <intent>
44-->[com.github.CanHub:Android-Image-Cropper:4.3.0] AndroidManifest.xml:10:9-16:18
45            <action android:name="android.intent.action.GET_CONTENT" />
45-->[com.github.CanHub:Android-Image-Cropper:4.3.0] AndroidManifest.xml:11:13-72
45-->[com.github.CanHub:Android-Image-Cropper:4.3.0] AndroidManifest.xml:11:21-69
46
47            <category android:name="android.intent.category.OPENABLE" />
47-->[com.github.CanHub:Android-Image-Cropper:4.3.0] AndroidManifest.xml:13:13-73
47-->[com.github.CanHub:Android-Image-Cropper:4.3.0] AndroidManifest.xml:13:23-70
48
49            <data android:mimeType="*/*" />
49-->src\main\AndroidManifest.xml:15:7-37
50        </intent>
51        <intent>
51-->[androidx.camera:camera-extensions:1.1.0-beta02] AndroidManifest.xml:25:9-27:18
52            <action android:name="androidx.camera.extensions.action.VENDOR_ACTION" />
52-->[androidx.camera:camera-extensions:1.1.0-beta02] AndroidManifest.xml:26:13-86
52-->[androidx.camera:camera-extensions:1.1.0-beta02] AndroidManifest.xml:26:21-83
53        </intent>
54    </queries>
55
56    <uses-permission android:name="android.permission.ACCESS_WIFI_STATE" />
56-->[com.facebook.flipper:flipper:0.125.0] AndroidManifest.xml:16:5-76
56-->[com.facebook.flipper:flipper:0.125.0] AndroidManifest.xml:16:22-73
57    <uses-permission android:name="android.permission.ACCESS_NETWORK_STATE" />
57-->[:expo-updates] AndroidManifest.xml:7:5-79
57-->[:expo-updates] AndroidManifest.xml:7:22-76
58    <uses-permission android:name="android.permission.READ_MEDIA_VIDEO" />
58-->[:expo-image-picker] AndroidManifest.xml:13:5-75
58-->[:expo-image-picker] AndroidManifest.xml:13:22-72
59
60    <uses-feature
60-->[com.naver.maps:map-sdk:3.12.0] AndroidManifest.xml:9:5-11:35
61        android:glEsVersion="0x00020000"
61-->[com.naver.maps:map-sdk:3.12.0] AndroidManifest.xml:10:9-41
62        android:required="true" />
62-->[com.naver.maps:map-sdk:3.12.0] AndroidManifest.xml:11:9-32
63    <uses-feature
63-->[com.naver.maps:map-sdk:3.12.0] AndroidManifest.xml:12:5-14:36
64        android:name="android.hardware.wifi"
64-->[com.naver.maps:map-sdk:3.12.0] AndroidManifest.xml:13:9-45
65        android:required="false" />
65-->[com.naver.maps:map-sdk:3.12.0] AndroidManifest.xml:14:9-33
66    <uses-feature
66-->[com.google.android:cameraview:1.0.0] AndroidManifest.xml:25:5-27:36
67        android:name="android.hardware.camera"
67-->[com.google.android:cameraview:1.0.0] AndroidManifest.xml:26:9-47
68        android:required="false" />
68-->[com.google.android:cameraview:1.0.0] AndroidManifest.xml:27:9-33
69    <uses-feature
69-->[com.google.android:cameraview:1.0.0] AndroidManifest.xml:28:5-30:36
70        android:name="android.hardware.camera.autofocus"
70-->[com.google.android:cameraview:1.0.0] AndroidManifest.xml:29:9-57
71        android:required="false" />
71-->[com.google.android:cameraview:1.0.0] AndroidManifest.xml:30:9-33
72
73    <uses-permission android:name="com.google.android.finsky.permission.BIND_GET_INSTALL_REFERRER_SERVICE" />
73-->[com.android.installreferrer:installreferrer:1.0] AndroidManifest.xml:9:5-110
73-->[com.android.installreferrer:installreferrer:1.0] AndroidManifest.xml:9:22-107
74
75    <application
75-->src\main\AndroidManifest.xml:18:3-38:17
76        android:name="com.anonymous.rnLookIt.MainApplication"
76-->src\main\AndroidManifest.xml:18:16-47
77        android:allowBackup="true"
77-->src\main\AndroidManifest.xml:18:162-188
78        android:appComponentFactory="androidx.core.app.CoreComponentFactory"
78-->[androidx.core:core:1.7.0] AndroidManifest.xml:24:18-86
79        android:debuggable="true"
80        android:icon="@mipmap/ic_launcher"
80-->src\main\AndroidManifest.xml:18:81-115
81        android:label="@string/app_name"
81-->src\main\AndroidManifest.xml:18:48-80
82        android:requestLegacyExternalStorage="true"
82-->src\main\AndroidManifest.xml:18:257-300
83        android:roundIcon="@mipmap/ic_launcher_round"
83-->src\main\AndroidManifest.xml:18:116-161
84        android:theme="@style/AppTheme"
84-->src\main\AndroidManifest.xml:18:189-220
85        android:usesCleartextTraffic="true" >
85-->src\main\AndroidManifest.xml:18:221-256
86        <meta-data
86-->src\main\AndroidManifest.xml:19:5-82
87            android:name="expo.modules.updates.ENABLED"
87-->src\main\AndroidManifest.xml:19:16-59
88            android:value="true" />
88-->src\main\AndroidManifest.xml:19:60-80
89        <meta-data
89-->src\main\AndroidManifest.xml:20:5-105
90            android:name="expo.modules.updates.EXPO_UPDATES_CHECK_ON_LAUNCH"
90-->src\main\AndroidManifest.xml:20:16-80
91            android:value="ALWAYS" />
91-->src\main\AndroidManifest.xml:20:81-103
92        <meta-data
92-->src\main\AndroidManifest.xml:21:5-99
93            android:name="expo.modules.updates.EXPO_UPDATES_LAUNCH_WAIT_MS"
93-->src\main\AndroidManifest.xml:21:16-79
94            android:value="0" />
94-->src\main\AndroidManifest.xml:21:80-97
95        <meta-data
95-->src\main\AndroidManifest.xml:22:5-141
96            android:name="expo.modules.updates.EXPO_UPDATE_URL"
96-->src\main\AndroidManifest.xml:22:16-67
97            android:value="https://u.expo.dev/72614bfe-ef48-4ecb-ab28-a9c07c5e71a7" />
97-->src\main\AndroidManifest.xml:22:68-139
98        <meta-data
98-->src\main\AndroidManifest.xml:23:5-88
99            android:name="com.naver.maps.map.CLIENT_ID"
99-->src\main\AndroidManifest.xml:23:16-59
100            android:value="jqe3z4vcxl" />
100-->src\main\AndroidManifest.xml:23:60-86
101        <meta-data
101-->src\main\AndroidManifest.xml:24:5-96
102            android:name="expo.modules.updates.EXPO_RUNTIME_VERSION"
102-->src\main\AndroidManifest.xml:24:16-72
103            android:value="1.0.0" />
103-->src\main\AndroidManifest.xml:24:73-94
104
105        <activity
105-->src\main\AndroidManifest.xml:25:5-36:16
106            android:name="com.anonymous.rnLookIt.MainActivity"
106-->src\main\AndroidManifest.xml:25:15-43
107            android:configChanges="keyboard|keyboardHidden|orientation|screenSize|uiMode"
107-->src\main\AndroidManifest.xml:25:77-154
108            android:exported="true"
108-->src\main\AndroidManifest.xml:25:276-299
109            android:label="@string/app_name"
109-->src\main\AndroidManifest.xml:25:44-76
110            android:launchMode="singleTask"
110-->src\main\AndroidManifest.xml:25:155-186
111            android:screenOrientation="portrait"
111-->src\main\AndroidManifest.xml:25:300-336
112            android:theme="@style/Theme.App.SplashScreen"
112-->src\main\AndroidManifest.xml:25:230-275
113            android:windowSoftInputMode="adjustResize" >
113-->src\main\AndroidManifest.xml:25:187-229
114            <intent-filter>
114-->src\main\AndroidManifest.xml:26:7-29:23
115                <action android:name="android.intent.action.MAIN" />
115-->src\main\AndroidManifest.xml:27:9-60
115-->src\main\AndroidManifest.xml:27:17-58
116
117                <category android:name="android.intent.category.LAUNCHER" />
117-->src\main\AndroidManifest.xml:28:9-68
117-->src\main\AndroidManifest.xml:28:19-66
118            </intent-filter>
119            <intent-filter>
119-->src\main\AndroidManifest.xml:30:7-35:23
120                <action android:name="android.intent.action.VIEW" />
120-->src\main\AndroidManifest.xml:13:7-58
120-->src\main\AndroidManifest.xml:13:15-56
121
122                <category android:name="android.intent.category.DEFAULT" />
122-->src\main\AndroidManifest.xml:32:9-67
122-->src\main\AndroidManifest.xml:32:19-65
123                <category android:name="android.intent.category.BROWSABLE" />
123-->src\main\AndroidManifest.xml:14:7-67
123-->src\main\AndroidManifest.xml:14:17-65
124
125                <data android:scheme="com.anonymous.rnLookIt" />
125-->src\main\AndroidManifest.xml:15:7-37
125-->src\main\AndroidManifest.xml:15:13-35
126            </intent-filter>
127        </activity>
128        <activity
128-->src\main\AndroidManifest.xml:37:5-106
129            android:name="com.facebook.react.devsupport.DevSettingsActivity"
129-->src\main\AndroidManifest.xml:37:15-79
130            android:exported="false" />
130-->src\main\AndroidManifest.xml:37:80-104
131
132        <meta-data
132-->[:expo-dev-launcher] AndroidManifest.xml:12:9-14:37
133            android:name="expo.modules.updates.AUTO_SETUP"
133-->[:expo-dev-launcher] AndroidManifest.xml:13:13-59
134            android:value="false" />
134-->[:expo-dev-launcher] AndroidManifest.xml:14:13-34
135
136        <activity
136-->[:expo-dev-launcher] AndroidManifest.xml:16:9-29:20
137            android:name="expo.modules.devlauncher.launcher.DevLauncherActivity"
137-->[:expo-dev-launcher] AndroidManifest.xml:17:13-81
138            android:exported="true"
138-->[:expo-dev-launcher] AndroidManifest.xml:18:13-36
139            android:launchMode="singleTask"
139-->[:expo-dev-launcher] AndroidManifest.xml:19:13-44
140            android:theme="@style/Theme.DevLauncher.LauncherActivity" >
140-->[:expo-dev-launcher] AndroidManifest.xml:20:13-70
141            <intent-filter>
141-->[:expo-dev-launcher] AndroidManifest.xml:21:13-28:29
142                <action android:name="android.intent.action.VIEW" />
142-->src\main\AndroidManifest.xml:13:7-58
142-->src\main\AndroidManifest.xml:13:15-56
143
144                <category android:name="android.intent.category.DEFAULT" />
144-->src\main\AndroidManifest.xml:32:9-67
144-->src\main\AndroidManifest.xml:32:19-65
145                <category android:name="android.intent.category.BROWSABLE" />
145-->src\main\AndroidManifest.xml:14:7-67
145-->src\main\AndroidManifest.xml:14:17-65
146
147                <data android:scheme="expo-dev-launcher" />
147-->src\main\AndroidManifest.xml:15:7-37
147-->src\main\AndroidManifest.xml:15:13-35
148            </intent-filter>
149        </activity>
150        <activity
150-->[:expo-dev-launcher] AndroidManifest.xml:30:9-33:70
151            android:name="expo.modules.devlauncher.launcher.errors.DevLauncherErrorActivity"
151-->[:expo-dev-launcher] AndroidManifest.xml:31:13-93
152            android:screenOrientation="portrait"
152-->[:expo-dev-launcher] AndroidManifest.xml:32:13-49
153            android:theme="@style/Theme.DevLauncher.ErrorActivity" />
153-->[:expo-dev-launcher] AndroidManifest.xml:33:13-67
154        <activity
154-->[:expo-dev-menu] AndroidManifest.xml:8:9-21:20
155            android:name="expo.modules.devmenu.DevMenuActivity"
155-->[:expo-dev-menu] AndroidManifest.xml:9:13-64
156            android:exported="true"
156-->[:expo-dev-menu] AndroidManifest.xml:10:13-36
157            android:launchMode="singleTask"
157-->[:expo-dev-menu] AndroidManifest.xml:11:13-44
158            android:theme="@style/Theme.AppCompat.Transparent.NoActionBar" >
158-->[:expo-dev-menu] AndroidManifest.xml:12:13-75
159            <intent-filter>
159-->[:expo-dev-menu] AndroidManifest.xml:13:13-20:29
160                <action android:name="android.intent.action.VIEW" />
160-->src\main\AndroidManifest.xml:13:7-58
160-->src\main\AndroidManifest.xml:13:15-56
161
162                <category android:name="android.intent.category.DEFAULT" />
162-->src\main\AndroidManifest.xml:32:9-67
162-->src\main\AndroidManifest.xml:32:19-65
163                <category android:name="android.intent.category.BROWSABLE" />
163-->src\main\AndroidManifest.xml:14:7-67
163-->src\main\AndroidManifest.xml:14:17-65
164
165                <data android:scheme="expo-dev-menu" />
165-->src\main\AndroidManifest.xml:15:7-37
165-->src\main\AndroidManifest.xml:15:13-35
166            </intent-filter>
167        </activity>
168
169        <provider
169-->[:expo-file-system] AndroidManifest.xml:21:9-30:20
170            android:name="expo.modules.filesystem.FileSystemFileProvider"
170-->[:expo-file-system] AndroidManifest.xml:22:13-74
171            android:authorities="com.anonymous.rnLookIt.FileSystemFileProvider"
171-->[:expo-file-system] AndroidManifest.xml:23:13-74
172            android:exported="false"
172-->[:expo-file-system] AndroidManifest.xml:24:13-37
173            android:grantUriPermissions="true" >
173-->[:expo-file-system] AndroidManifest.xml:25:13-47
174            <meta-data
174-->[:expo-file-system] AndroidManifest.xml:27:13-29:70
175                android:name="android.support.FILE_PROVIDER_PATHS"
175-->[:expo-file-system] AndroidManifest.xml:28:17-67
176                android:resource="@xml/file_system_provider_paths" />
176-->[:expo-file-system] AndroidManifest.xml:29:17-67
177        </provider>
178
179        <activity
179-->[:expo-image-picker] AndroidManifest.xml:29:9-31:59
180            android:name="com.canhub.cropper.CropImageActivity"
180-->[:expo-image-picker] AndroidManifest.xml:30:13-64
181            android:exported="true"
181-->[com.github.CanHub:Android-Image-Cropper:4.3.0] AndroidManifest.xml:35:13-36
182            android:theme="@style/Base.Theme.AppCompat" /> <!-- https://developer.android.com/guide/topics/manifest/provider-element.html -->
182-->[:expo-image-picker] AndroidManifest.xml:31:13-56
183        <provider
183-->[:expo-image-picker] AndroidManifest.xml:33:9-41:20
184            android:name="expo.modules.imagepicker.fileprovider.ImagePickerFileProvider"
184-->[:expo-image-picker] AndroidManifest.xml:34:13-89
185            android:authorities="com.anonymous.rnLookIt.ImagePickerFileProvider"
185-->[:expo-image-picker] AndroidManifest.xml:35:13-75
186            android:exported="false"
186-->[:expo-image-picker] AndroidManifest.xml:36:13-37
187            android:grantUriPermissions="true" >
187-->[:expo-image-picker] AndroidManifest.xml:37:13-47
188            <meta-data
188-->[:expo-file-system] AndroidManifest.xml:27:13-29:70
189                android:name="android.support.FILE_PROVIDER_PATHS"
189-->[:expo-file-system] AndroidManifest.xml:28:17-67
190                android:resource="@xml/image_picker_provider_paths" />
190-->[:expo-file-system] AndroidManifest.xml:29:17-67
191        </provider>
192
193        <meta-data
193-->[:expo-modules-core] AndroidManifest.xml:8:9-10:89
194            android:name="org.unimodules.core.AppLoader#react-native-headless"
194-->[:expo-modules-core] AndroidManifest.xml:9:13-79
195            android:value="expo.modules.adapters.react.apploader.RNHeadlessAppLoader" />
195-->[:expo-modules-core] AndroidManifest.xml:10:13-86
196
197        <activity
197-->[com.naver.maps:map-sdk:3.12.0] AndroidManifest.xml:21:9-25:51
198            android:name="com.naver.maps.map.app.LegendActivity"
198-->[com.naver.maps:map-sdk:3.12.0] AndroidManifest.xml:22:13-65
199            android:configChanges="screenSize|smallestScreenSize|screenLayout|orientation"
199-->[com.naver.maps:map-sdk:3.12.0] AndroidManifest.xml:23:13-91
200            android:label="@string/navermap_legend"
200-->[com.naver.maps:map-sdk:3.12.0] AndroidManifest.xml:24:13-52
201            android:theme="@style/navermap_app" />
201-->[com.naver.maps:map-sdk:3.12.0] AndroidManifest.xml:25:13-48
202        <activity
202-->[com.naver.maps:map-sdk:3.12.0] AndroidManifest.xml:26:9-30:51
203            android:name="com.naver.maps.map.app.LegalNoticeActivity"
203-->[com.naver.maps:map-sdk:3.12.0] AndroidManifest.xml:27:13-70
204            android:configChanges="screenSize|smallestScreenSize|screenLayout|orientation"
204-->[com.naver.maps:map-sdk:3.12.0] AndroidManifest.xml:28:13-91
205            android:label="@string/navermap_legal_notice"
205-->[com.naver.maps:map-sdk:3.12.0] AndroidManifest.xml:29:13-58
206            android:theme="@style/navermap_app" />
206-->[com.naver.maps:map-sdk:3.12.0] AndroidManifest.xml:30:13-48
207        <activity
207-->[com.naver.maps:map-sdk:3.12.0] AndroidManifest.xml:31:9-35:51
208            android:name="com.naver.maps.map.app.OpenSourceLicenseActivity"
208-->[com.naver.maps:map-sdk:3.12.0] AndroidManifest.xml:32:13-76
209            android:configChanges="screenSize|smallestScreenSize|screenLayout|orientation"
209-->[com.naver.maps:map-sdk:3.12.0] AndroidManifest.xml:33:13-91
210            android:label="@string/navermap_open_source_license"
210-->[com.naver.maps:map-sdk:3.12.0] AndroidManifest.xml:34:13-65
211            android:theme="@style/navermap_app" />
211-->[com.naver.maps:map-sdk:3.12.0] AndroidManifest.xml:35:13-48
212
213        <provider
213-->[com.github.CanHub:Android-Image-Cropper:4.3.0] AndroidManifest.xml:23:9-31:20
214            android:name="com.canhub.cropper.CropFileProvider"
214-->[com.github.CanHub:Android-Image-Cropper:4.3.0] AndroidManifest.xml:24:13-63
215            android:authorities="com.anonymous.rnLookIt.cropper.fileprovider"
215-->[com.github.CanHub:Android-Image-Cropper:4.3.0] AndroidManifest.xml:25:13-72
216            android:exported="false"
216-->[com.github.CanHub:Android-Image-Cropper:4.3.0] AndroidManifest.xml:26:13-37
217            android:grantUriPermissions="true" >
217-->[com.github.CanHub:Android-Image-Cropper:4.3.0] AndroidManifest.xml:27:13-47
218            <meta-data
218-->[:expo-file-system] AndroidManifest.xml:27:13-29:70
219                android:name="android.support.FILE_PROVIDER_PATHS"
219-->[:expo-file-system] AndroidManifest.xml:28:17-67
220                android:resource="@xml/library_file_paths" />
220-->[:expo-file-system] AndroidManifest.xml:29:17-67
221        </provider> <!-- This is here because the library did not update yet to Android 12 so we force the exported value when merging manifests -->
222        <activity
222-->[com.github.CanHub:Android-Image-Cropper:4.3.0] AndroidManifest.xml:38:9-45:20
223            android:name="androidx.test.core.app.InstrumentationActivityInvoker$BootstrapActivity"
223-->[com.github.CanHub:Android-Image-Cropper:4.3.0] AndroidManifest.xml:39:13-99
224            android:exported="true"
224-->[com.github.CanHub:Android-Image-Cropper:4.3.0] AndroidManifest.xml:40:13-36
225            android:theme="@android:style/Theme" >
225-->[com.github.CanHub:Android-Image-Cropper:4.3.0] AndroidManifest.xml:41:13-49
226            <intent-filter>
226-->[com.github.CanHub:Android-Image-Cropper:4.3.0] AndroidManifest.xml:42:13-44:29
227                <action android:name="android.intent.action.MAIN" />
227-->src\main\AndroidManifest.xml:27:9-60
227-->src\main\AndroidManifest.xml:27:17-58
228            </intent-filter>
229        </activity>
230        <activity
230-->[com.github.CanHub:Android-Image-Cropper:4.3.0] AndroidManifest.xml:46:9-53:20
231            android:name="androidx.test.core.app.InstrumentationActivityInvoker$EmptyActivity"
231-->[com.github.CanHub:Android-Image-Cropper:4.3.0] AndroidManifest.xml:47:13-95
232            android:exported="true"
232-->[com.github.CanHub:Android-Image-Cropper:4.3.0] AndroidManifest.xml:48:13-36
233            android:theme="@android:style/Theme" >
233-->[com.github.CanHub:Android-Image-Cropper:4.3.0] AndroidManifest.xml:49:13-49
234            <intent-filter>
234-->[com.github.CanHub:Android-Image-Cropper:4.3.0] AndroidManifest.xml:42:13-44:29
235                <action android:name="android.intent.action.MAIN" />
235-->src\main\AndroidManifest.xml:27:9-60
235-->src\main\AndroidManifest.xml:27:17-58
236            </intent-filter>
237        </activity>
238        <activity
238-->[com.github.CanHub:Android-Image-Cropper:4.3.0] AndroidManifest.xml:54:9-61:20
239            android:name="androidx.test.core.app.InstrumentationActivityInvoker$EmptyFloatingActivity"
239-->[com.github.CanHub:Android-Image-Cropper:4.3.0] AndroidManifest.xml:55:13-103
240            android:exported="true"
240-->[com.github.CanHub:Android-Image-Cropper:4.3.0] AndroidManifest.xml:56:13-36
241            android:theme="@android:style/Theme.Dialog" >
241-->[com.github.CanHub:Android-Image-Cropper:4.3.0] AndroidManifest.xml:57:13-56
242            <intent-filter>
242-->[com.github.CanHub:Android-Image-Cropper:4.3.0] AndroidManifest.xml:42:13-44:29
243                <action android:name="android.intent.action.MAIN" />
243-->src\main\AndroidManifest.xml:27:9-60
243-->src\main\AndroidManifest.xml:27:17-58
244            </intent-filter>
245        </activity>
246
247        <service
247-->[androidx.room:room-runtime:2.4.2] AndroidManifest.xml:25:9-28:40
248            android:name="androidx.room.MultiInstanceInvalidationService"
248-->[androidx.room:room-runtime:2.4.2] AndroidManifest.xml:26:13-74
249            android:directBootAware="true"
249-->[androidx.room:room-runtime:2.4.2] AndroidManifest.xml:27:13-43
250            android:exported="false" />
250-->[androidx.room:room-runtime:2.4.2] AndroidManifest.xml:28:13-37
251
252        <activity
252-->[com.google.android.gms:play-services-base:17.5.0] AndroidManifest.xml:23:9-26:75
253            android:name="com.google.android.gms.common.api.GoogleApiActivity"
253-->[com.google.android.gms:play-services-base:17.5.0] AndroidManifest.xml:24:13-79
254            android:exported="false"
254-->[com.google.android.gms:play-services-base:17.5.0] AndroidManifest.xml:25:13-37
255            android:theme="@android:style/Theme.Translucent.NoTitleBar" />
255-->[com.google.android.gms:play-services-base:17.5.0] AndroidManifest.xml:26:13-72
256
257        <meta-data
257-->[com.google.android.gms:play-services-basement:17.5.0] AndroidManifest.xml:23:9-25:69
258            android:name="com.google.android.gms.version"
258-->[com.google.android.gms:play-services-basement:17.5.0] AndroidManifest.xml:24:13-58
259            android:value="@integer/google_play_services_version" />
259-->[com.google.android.gms:play-services-basement:17.5.0] AndroidManifest.xml:25:13-66
260
261        <provider
261-->[androidx.emoji2:emoji2:1.0.0] AndroidManifest.xml:26:9-34:20
262            android:name="androidx.startup.InitializationProvider"
262-->[androidx.emoji2:emoji2:1.0.0] AndroidManifest.xml:27:13-67
263            android:authorities="com.anonymous.rnLookIt.androidx-startup"
263-->[androidx.emoji2:emoji2:1.0.0] AndroidManifest.xml:28:13-68
264            android:exported="false" >
264-->[androidx.emoji2:emoji2:1.0.0] AndroidManifest.xml:29:13-37
265            <meta-data
265-->[androidx.emoji2:emoji2:1.0.0] AndroidManifest.xml:31:13-33:52
266                android:name="androidx.emoji2.text.EmojiCompatInitializer"
266-->[androidx.emoji2:emoji2:1.0.0] AndroidManifest.xml:32:17-75
267                android:value="androidx.startup" />
267-->[androidx.emoji2:emoji2:1.0.0] AndroidManifest.xml:33:17-49
268            <meta-data
268-->[androidx.lifecycle:lifecycle-process:2.4.0] AndroidManifest.xml:31:13-33:52
269                android:name="androidx.lifecycle.ProcessLifecycleInitializer"
269-->[androidx.lifecycle:lifecycle-process:2.4.0] AndroidManifest.xml:32:17-78
270                android:value="androidx.startup" />
270-->[androidx.lifecycle:lifecycle-process:2.4.0] AndroidManifest.xml:33:17-49
271        </provider>
272
273        <uses-library
273-->[androidx.camera:camera-extensions:1.1.0-beta02] AndroidManifest.xml:31:9-33:40
274            android:name="androidx.camera.extensions.impl"
274-->[androidx.camera:camera-extensions:1.1.0-beta02] AndroidManifest.xml:32:13-59
275            android:required="false" />
275-->[androidx.camera:camera-extensions:1.1.0-beta02] AndroidManifest.xml:33:13-37
276
277        <service
277-->[androidx.camera:camera-camera2:1.1.0-beta02] AndroidManifest.xml:26:9-35:19
278            android:name="androidx.camera.core.impl.MetadataHolderService"
278-->[androidx.camera:camera-camera2:1.1.0-beta02] AndroidManifest.xml:27:13-75
279            android:enabled="false"
279-->[androidx.camera:camera-camera2:1.1.0-beta02] AndroidManifest.xml:28:13-36
280            android:exported="false" >
280-->[androidx.camera:camera-camera2:1.1.0-beta02] AndroidManifest.xml:29:13-37
281            <meta-data
281-->[androidx.camera:camera-camera2:1.1.0-beta02] AndroidManifest.xml:32:13-34:89
282                android:name="androidx.camera.core.impl.MetadataHolderService.DEFAULT_CONFIG_PROVIDER"
282-->[androidx.camera:camera-camera2:1.1.0-beta02] AndroidManifest.xml:33:17-103
283                android:value="androidx.camera.camera2.Camera2Config$DefaultProvider" />
283-->[androidx.camera:camera-camera2:1.1.0-beta02] AndroidManifest.xml:34:17-86
284        </service>
285    </application>
286
287</manifest>